<?xml version="1.0" encoding="UTF-8"?>
<!-- Generated by org.testng.reporters.JUnitReportReporter -->
<testsuite skipped="0" hostname="Abhi" name="authenteakSmokeTest.CreateAccount" tests="1" failures="0" timestamp="2020-09-09T19:23:16 IST" time="89.293" errors="0">
  <testcase name="createAccount" time="89.293" classname="authenteakSmokeTest.CreateAccount"/>
  <system-out/>
</testsuite> <!-- authenteakSmokeTest.CreateAccount -->
