<?xml version="1.0" encoding="UTF-8"?>
<!-- Generated by org.testng.reporters.JUnitReportReporter -->
<testsuite skipped="0" hostname="Abhi" name="authenteakSmokeTest.CreateAccount" tests="2" failures="0" timestamp="2020-09-10T17:13:32 IST" time="23.845" errors="0">
  <testcase name="createAccount" time="13.746" classname="authenteakSmokeTest.CreateAccount"/>
  <system-out/>
  <testcase name="existingEmailAddressToCreateAccount" time="10.099" classname="authenteakSmokeTest.CreateAccount"/>
  <system-out/>
</testsuite> <!-- authenteakSmokeTest.CreateAccount -->
